{
  "RSpec": {
    "coverage": {
      "/Users/student/Projects/Oystercard-Final/spec/journey_spec.rb": {
        "lines": [
          1,
          null,
          1,
          1,
          null,
          1,
          1,
          1,
          null,
          null,
          1,
          1,
          null,
          null,
          1,
          1,
          null,
          null,
          1,
          1,
          1,
          1,
          1,
          null,
          null,
          1,
          1,
          1,
          null,
          null,
          1,
          1,
          1,
          null,
          null,
          1,
          1,
          1,
          1,
          null,
          null,
          null,
          null,
          null
        ]
      },
      "/Users/student/Projects/Oystercard-Final/lib/journey.rb": {
        "lines": [
          1,
          1,
          null,
          1,
          1,
          1,
          10,
          10,
          null,
          null,
          1,
          6,
          null,
          null,
          1,
          5,
          null,
          null,
          1,
          1,
          null,
          null,
          1,
          null,
          5,
          null,
          null
        ]
      },
      "/Users/student/Projects/Oystercard-Final/spec/oystercard_spec.rb": {
        "lines": [
          1,
          1,
          1,
          null,
          1,
          1,
          2,
          1,
          null,
          1,
          1,
          1,
          null,
          null,
          1,
          2,
          null,
          null,
          1,
          null,
          1,
          6,
          null,
          null,
          1,
          2,
          null,
          null,
          1,
          2,
          null,
          null,
          1,
          1,
          1,
          null,
          null,
          1,
          1,
          1,
          1,
          null,
          null,
          1,
          1,
          1,
          null,
          null,
          1,
          1,
          null,
          null,
          null,
          null
        ]
      },
      "/Users/student/Projects/Oystercard-Final/lib/oystercard.rb": {
        "lines": [
          1,
          1,
          null,
          1,
          null,
          1,
          1,
          1,
          1,
          null,
          1,
          8,
          8,
          8,
          null,
          null,
          1,
          1,
          null,
          null,
          1,
          8,
          7,
          null,
          null,
          1,
          3,
          2,
          null,
          2,
          null,
          null,
          1,
          2,
          1,
          null,
          2,
          2,
          2,
          2,
          null,
          null,
          1,
          5,
          null,
          null,
          1,
          null,
          1,
          2,
          null,
          null,
          1,
          8,
          null,
          null,
          1,
          3,
          null,
          null,
          1,
          2,
          null,
          null,
          1,
          2,
          null,
          null,
          1,
          3,
          null,
          null,
          null,
          null,
          null,
          null,
          null,
          null
        ]
      },
      "/Users/student/Projects/Oystercard-Final/lib/station.rb": {
        "lines": [
          1,
          1,
          null,
          1,
          2,
          2,
          null,
          null
        ]
      },
      "/Users/student/Projects/Oystercard-Final/spec/station_spec.rb": {
        "lines": [
          1,
          1,
          null,
          3,
          null,
          1,
          1,
          null,
          null,
          1,
          1,
          null,
          null,
          null
        ]
      }
    },
    "timestamp": 1594049099
  }
}
